<?xml version="1.0" encoding="UTF-8"?>
<!-- Generated by org.testng.reporters.JUnitXMLReporter -->
<testsuite ignored="0" hostname="DESKTOP-TBK4CC8" failures="1" tests="10" name="scource" time="48.52" errors="0" timestamp="2024-09-22T13:49:48 IST">
  <testcase classname="PageObject.TestClass" name="login_with_valid_credentials" time="0.727"/>
  <testcase classname="PageObject.TestClass" name="login_with_valid_credentials" time="0.623"/>
  <testcase classname="PageObject.TestClass" name="login_with_invalid_crendentials" time="0.443"/>
  <testcase classname="PageObject.TestClass" name="login_with_invalid_crendentials" time="0.444"/>
  <testcase classname="PageObject.TestClass" name="check_BucketPage" time="0.277">
    <failure type="java.lang.AssertionError" message="expected [true] but found [false]">
      <![CDATA[java.lang.AssertionError: expected [true] but found [false]
at PageObject.TestClass.check_BucketPage(TestClass.java:61)
at java.base/java.util.ArrayList.forEach(ArrayList.java:1596)
... Removed 29 stack frames]]>
    </failure>
  </testcase> <!-- check_BucketPage -->
  <testcase classname="PageObject.TestClass" name="bucket_selectedItem" time="6.079"/>
  <testcase classname="PageObject.TestClass" name="bucket_checkoutbutton" time="1.95"/>
  <testcase classname="PageObject.TestClass" name="imformationPage" time="2.42"/>
  <testcase classname="PageObject.TestClass" name="FinalPage1" time="2.483"/>
  <testcase classname="PageObject.TestClass" name="overviewPage" time="2.465"/>
</testsuite> <!-- scource -->
